======================================================
Start Time : Mon Feb  5 10:36:16 EST 2024
Submit Dir : /users/dspradl1/theAdvisor/LargeScaleEntityMatchingForTheAdvisor
Job ID/Name : 6900252 / theAdvisor
Num Tasks : 1 total [1 nodes @ 1 CPUs/node]
======================================================

DBLP Hashtable Size: 6649168
Partitions: 1
Divided Work/Partition: 50
Start Paper: 0
End Paper: 50
k-mer: 5
Repeating k-mer Remove: 0
Top k-mer Remove: 50

DBLP hash table built for k=5
0 50
Candidates with a match : 49
Total candidates : 51
Matching percentage:  0.9607843137254902

======================================================
End Time : Mon Feb  5 10:51:16 EST 2024
======================================================
DBLP Hashtable Size: 6649168
Partitions: 1
Divided Work/Partition: 50
Start Paper: 0
End Paper: 50
k-mer: 5
Repeating k-mer Remove: 0
Top k-mer Remove: 500

DBLP hash table built for k=5
0 50
Candidates with a match : 49
Total candidates : 51
Matching percentage:  0.9607843137254902

======================================================
End Time : Mon Feb  5 11:05:31 EST 2024
======================================================
DBLP Hashtable Size: 6649168
Partitions: 1
Divided Work/Partition: 50
Start Paper: 0
End Paper: 50
k-mer: 5
Repeating k-mer Remove: 0
Top k-mer Remove: 1000

DBLP hash table built for k=5
0 50
Candidates with a match : 51
Total candidates : 51
Matching percentage:  1.0

======================================================
End Time : Mon Feb  5 11:19:59 EST 2024
======================================================
DBLP Hashtable Size: 6649168
Partitions: 1
Divided Work/Partition: 50
Start Paper: 0
End Paper: 50
k-mer: 5
Repeating k-mer Remove: 0
Top k-mer Remove: 5000

DBLP hash table built for k=5
0 50
Candidates with a match : 51
Total candidates : 51
Matching percentage:  1.0

======================================================
End Time : Mon Feb  5 11:34:02 EST 2024
======================================================
