======================================================
Start Time : Mon Feb  5 10:35:57 EST 2024
Submit Dir : /users/dspradl1/theAdvisor/LargeScaleEntityMatchingForTheAdvisor
Job ID/Name : 6900249 / theAdvisor
Num Tasks : 1 total [1 nodes @ 1 CPUs/node]
======================================================

DBLP Hashtable Size: 6649168
Partitions: 1
Divided Work/Partition: 50
Start Paper: 0
End Paper: 50
k-mer: 7
Repeating k-mer Remove: 0
Top k-mer Remove: 50

DBLP hash table built for k=7
0 50
Candidates with a match : 51
Total candidates : 51
Matching percentage:  1.0

======================================================
End Time : Mon Feb  5 10:52:02 EST 2024
======================================================
DBLP Hashtable Size: 6649168
Partitions: 1
Divided Work/Partition: 50
Start Paper: 0
End Paper: 50
k-mer: 7
Repeating k-mer Remove: 0
Top k-mer Remove: 500

DBLP hash table built for k=7
0 50
Candidates with a match : 51
Total candidates : 51
Matching percentage:  1.0

======================================================
End Time : Mon Feb  5 11:07:53 EST 2024
======================================================
DBLP Hashtable Size: 6649168
Partitions: 1
Divided Work/Partition: 50
Start Paper: 0
End Paper: 50
k-mer: 7
Repeating k-mer Remove: 0
Top k-mer Remove: 1000

DBLP hash table built for k=7
0 50
Candidates with a match : 51
Total candidates : 51
Matching percentage:  1.0

======================================================
End Time : Mon Feb  5 11:23:54 EST 2024
======================================================
DBLP Hashtable Size: 6649168
Partitions: 1
Divided Work/Partition: 50
Start Paper: 0
End Paper: 50
k-mer: 7
Repeating k-mer Remove: 0
Top k-mer Remove: 5000

DBLP hash table built for k=7
0 50
Candidates with a match : 51
Total candidates : 51
Matching percentage:  1.0

======================================================
End Time : Mon Feb  5 11:39:43 EST 2024
======================================================
