======================================================
Start Time : Fri Feb  2 14:04:37 EST 2024
Submit Dir : /users/dspradl1/theAdvisor/LargeScaleEntityMatchingForTheAdvisor
Job ID/Name : 6882359 / theAdvisor
Num Tasks : 1 total [1 nodes @ 1 CPUs/node]
======================================================

DBLP Hashtable Size: 6649168
Partitions: 1
Divided Work/Partition: 50
Start Paper: 200
End Paper: 250
k-mer: 5
Repeating k-mer Remove: 0
Top k-mer Remove: 50

DBLP hash table built for k=5
200 250
Candidates with a match : 0
Total candidates : 51
Matching percentage:  0.0

======================================================
End Time : Fri Feb  2 14:22:33 EST 2024
======================================================
DBLP Hashtable Size: 6649168
Partitions: 1
Divided Work/Partition: 50
Start Paper: 200
End Paper: 250
k-mer: 5
Repeating k-mer Remove: 0
Top k-mer Remove: 500

DBLP hash table built for k=5
200 250
Candidates with a match : 0
Total candidates : 51
Matching percentage:  0.0

======================================================
End Time : Fri Feb  2 14:37:21 EST 2024
======================================================
DBLP Hashtable Size: 6649168
Partitions: 1
Divided Work/Partition: 50
Start Paper: 200
End Paper: 250
k-mer: 5
Repeating k-mer Remove: 0
Top k-mer Remove: 1000

DBLP hash table built for k=5
200 250
Candidates with a match : 0
Total candidates : 51
Matching percentage:  0.0

======================================================
End Time : Fri Feb  2 14:51:57 EST 2024
======================================================
DBLP Hashtable Size: 6649168
Partitions: 1
Divided Work/Partition: 50
Start Paper: 200
End Paper: 250
k-mer: 5
Repeating k-mer Remove: 0
Top k-mer Remove: 5000

DBLP hash table built for k=5
200 250
Candidates with a match : 0
Total candidates : 51
Matching percentage:  0.0

======================================================
End Time : Fri Feb  2 15:06:04 EST 2024
======================================================
